<?xml version="1.0" encoding="UTF-8"?>
<!-- Generated by org.testng.reporters.JUnitReportReporter -->
<testsuite hostname="DESKTOP-NPAAFII" failures="0" tests="1" name="TestCases.OrderTrackingFunction" time="0.081" errors="0" timestamp="2024-03-05T17:20:20 IST" skipped="0">
  <testcase classname="TestCases.OrderTrackingFunction" name="orderTracking" time="0.081"/>
</testsuite> <!-- TestCases.OrderTrackingFunction -->
