<?xml version="1.0" encoding="UTF-8"?>
<!-- Generated by org.testng.reporters.JUnitReportReporter -->
<testsuite hostname="DESKTOP-NPAAFII" failures="0" tests="1" name="TestCases.OffersFunction" time="2.304" errors="0" timestamp="2024-03-05T17:20:20 IST" skipped="0">
  <testcase classname="TestCases.OffersFunction" name="offers" time="2.304"/>
</testsuite> <!-- TestCases.OffersFunction -->
