<?xml version="1.0" encoding="UTF-8"?>
<!-- Generated by org.testng.reporters.JUnitReportReporter -->
<testsuite hostname="DESKTOP-NPAAFII" failures="0" tests="1" name="commonFunctions.CommonFunctions" time="9.459" errors="0" timestamp="2024-03-05T17:56:07 IST" skipped="0">
  <testcase classname="commonFunctions.CommonFunctions" name="launchBrowser" time="9.459"/>
</testsuite> <!-- commonFunctions.CommonFunctions -->
